2025-12-04 14:22:50,657 [Worker-7: Loading available Gradle versions] INFO  o.e.b.c.i.u.g.PublishedGradleVersions - Gradle version information cache is up-to-date. Trying to read.
2025-12-04 14:58:49,376 [ModalContext] INFO  o.b.c.a.StaticComponentContainer - (StaticComponentContainer.java:368) - Instantiated org.burningwave.core.SLF4JManagedLoggerRepository
2025-12-04 14:58:49,377 [ModalContext] INFO  o.b.c.a.StaticComponentContainer - (StaticComponentContainer.java:369) - 

	Configuration values for static components:

		background-executor.all-tasks-monitoring.enabled=\
			true
		background-executor.all-tasks-monitoring.interval=\
			30000
		background-executor.all-tasks-monitoring.logger.enabled=\
			false
		background-executor.all-tasks-monitoring.minimum-elapsed-time-to-consider-a-task-as-probable-dead-locked=\
			300000
		background-executor.all-tasks-monitoring.probable-dead-locked-tasks-handling.policy=\
			log only
		background-executor.queued-task-executor[0].name=\
			Low priority tasks
		background-executor.queued-task-executor[0].priority=\
			1
		background-executor.queued-task-executor[1].name=\
			Normal priority tasks
		background-executor.queued-task-executor[1].priority=\
			5
		background-executor.queued-task-executor[2].name=\
			High priority tasks
		background-executor.queued-task-executor[2].priority=\
			10
		background-executor.task-creation-tracking.enabled=\
			${background-executor.all-tasks-monitoring.enabled}
		banner.additonal-informations=\
			${Bundle-Vendor} ${Bundle-Name} ${Bundle-Version}
		banner.additonal-informations.retrieve-from-manifest-file-of=\
			Burningwave Core
		banner.file=\
			org/burningwave/banner.bwb
		banner.hide=\
			true
		buffer-handler.default-allocation-mode=\
			ByteBuffer::allocateDirect
		buffer-handler.default-buffer-size=\
			1024
		group-name-for-named-elements=\
			Burningwave
		iterable-object-helper.default-values-separator=\
			;
		iterable-object-helper.parallel-iteration.applicability.default-minimum-collection-size=\
			2
		iterable-object-helper.parallel-iteration.applicability.max-runtime-thread-count-threshold=\
			autodetect
		iterable-object-helper.parallel-iteration.applicability.output-collection-enabled-types=\
			java.util.concurrent.ConcurrentHashMap$CollectionView;\
			java.util.Collections$SynchronizedCollection;\
			java.util.concurrent.CopyOnWriteArrayList;\
			java.util.concurrent.CopyOnWriteArraySet;\
			java.util.concurrent.BlockingQueue;\
			java.util.concurrent.ConcurrentSkipListSet;\
			java.util.concurrent.ConcurrentSkipListMap$EntrySet;\
			java.util.concurrent.ConcurrentSkipListMap$KeySet;\
			java.util.concurrent.ConcurrentSkipListMap$Values;
		jvm.driver.init=\
			false
		managed-logger.repository=\
			autodetect
		managed-logger.repository.enabled=\
			true
		managed-logger.repository.logging.warn.disabled-for=\
			org.burningwave.core.assembler.ComponentContainer$ClassLoader;\
			org.burningwave.core.classes.MemoryClassLoader;\
			org.burningwave.core.classes.PathScannerClassLoader;
		modules.export-all-to-all=\
			true
		resource-releaser.enabled=\
			true
		synchronizer.all-threads-monitoring.enabled=\
			false
		synchronizer.all-threads-monitoring.interval=\
			90000
		thread-supplier.default-daemon-flag-value=\
			true
		thread-supplier.default-thread-priority=\
			5
		thread-supplier.max-detached-thread-count=\
			${thread-supplier.max-poolable-thread-count}
		thread-supplier.max-detached-thread-count.elapsed-time-threshold-from-last-increase-for-gradual-decreasing-to-initial-value=\
			30000
		thread-supplier.max-detached-thread-count.increasing-step=\
			autodetect
		thread-supplier.max-poolable-thread-count=\
			autodetect
		thread-supplier.poolable-thread-request-timeout=\
			6000


2025-12-04 14:58:49,381 [ModalContext] INFO  o.b.core.jvm.BufferHandler - (BufferHandler.java:127) - default buffer size: 1024 bytes
2025-12-04 14:58:49,382 [ModalContext] INFO  o.b.core.jvm.BufferHandler - (BufferHandler.java:141) - default allocation mode: ByteBuffer::allocateDirect
2025-12-04 14:58:49,386 [ModalContext] INFO  org.burningwave.core.Cache - (Cache.java:76) - Building cache
2025-12-04 14:58:49,414 [ModalContext] INFO  o.b.c.a.StaticComponentContainer - (StaticComponentContainer.java:443) - org.burningwave.core.assembler.StaticComponentContainer initialized in 0.1072097 seconds
2025-12-04 16:21:26,384 [Burningwave - Resource releaser] INFO  o.b.c.a.StaticComponentContainer - (StaticComponentContainer.java:391) - ... Waiting for all tasks ending
2025-12-04 16:21:26,386 [Burningwave - Resource releaser] INFO  o.b.c.a.StaticComponentContainer - (StaticComponentContainer.java:397) - Closing all component containers
2025-12-04 16:21:26,388 [Burningwave - Resource releaser] INFO  o.b.c.a.StaticComponentContainer - (StaticComponentContainer.java:403) - Closing FileSystemHelper
2025-12-04 16:21:26,390 [Burningwave - Resource releaser] INFO  o.b.c.a.StaticComponentContainer - (StaticComponentContainer.java:409) - ... Waiting for all tasks ending before shutting down the BackgroundExecutor
2025-12-04 16:21:26,391 [Burningwave - Resource releaser] INFO  o.b.c.a.StaticComponentContainer - (StaticComponentContainer.java:414) - Shutting down BackgroundExecutor
2025-12-04 16:21:26,392 [Burningwave - Resource releaser] INFO  o.b.c.a.StaticComponentContainer - (StaticComponentContainer.java:420) - Stopping all threads monitoring thread
2025-12-04 16:21:26,392 [Burningwave - Resource releaser] INFO  o.b.c.a.StaticComponentContainer - (StaticComponentContainer.java:425) - Closing ThreadHolder
2025-12-04 16:21:26,393 [Burningwave - Resource releaser] INFO  o.b.c.a.StaticComponentContainer - (StaticComponentContainer.java:430) - Shutting down ThreadSupplier
2025-12-04 16:29:15,461 [main] INFO  o.b.c.a.StaticComponentContainer - (StaticComponentContainer.java:368) - Instantiated org.burningwave.core.SLF4JManagedLoggerRepository
2025-12-04 16:29:15,461 [main] INFO  o.b.c.a.StaticComponentContainer - (StaticComponentContainer.java:369) - 

	Configuration values for static components:

		background-executor.all-tasks-monitoring.enabled=\
			true
		background-executor.all-tasks-monitoring.interval=\
			30000
		background-executor.all-tasks-monitoring.logger.enabled=\
			false
		background-executor.all-tasks-monitoring.minimum-elapsed-time-to-consider-a-task-as-probable-dead-locked=\
			300000
		background-executor.all-tasks-monitoring.probable-dead-locked-tasks-handling.policy=\
			log only
		background-executor.queued-task-executor[0].name=\
			Low priority tasks
		background-executor.queued-task-executor[0].priority=\
			1
		background-executor.queued-task-executor[1].name=\
			Normal priority tasks
		background-executor.queued-task-executor[1].priority=\
			5
		background-executor.queued-task-executor[2].name=\
			High priority tasks
		background-executor.queued-task-executor[2].priority=\
			10
		background-executor.task-creation-tracking.enabled=\
			${background-executor.all-tasks-monitoring.enabled}
		banner.additonal-informations=\
			${Bundle-Vendor} ${Bundle-Name} ${Bundle-Version}
		banner.additonal-informations.retrieve-from-manifest-file-of=\
			Burningwave Core
		banner.file=\
			org/burningwave/banner.bwb
		banner.hide=\
			true
		buffer-handler.default-allocation-mode=\
			ByteBuffer::allocateDirect
		buffer-handler.default-buffer-size=\
			1024
		group-name-for-named-elements=\
			Burningwave
		iterable-object-helper.default-values-separator=\
			;
		iterable-object-helper.parallel-iteration.applicability.default-minimum-collection-size=\
			2
		iterable-object-helper.parallel-iteration.applicability.max-runtime-thread-count-threshold=\
			autodetect
		iterable-object-helper.parallel-iteration.applicability.output-collection-enabled-types=\
			java.util.concurrent.ConcurrentHashMap$CollectionView;\
			java.util.Collections$SynchronizedCollection;\
			java.util.concurrent.CopyOnWriteArrayList;\
			java.util.concurrent.CopyOnWriteArraySet;\
			java.util.concurrent.BlockingQueue;\
			java.util.concurrent.ConcurrentSkipListSet;\
			java.util.concurrent.ConcurrentSkipListMap$EntrySet;\
			java.util.concurrent.ConcurrentSkipListMap$KeySet;\
			java.util.concurrent.ConcurrentSkipListMap$Values;
		jvm.driver.init=\
			false
		managed-logger.repository=\
			autodetect
		managed-logger.repository.enabled=\
			true
		managed-logger.repository.logging.warn.disabled-for=\
			org.burningwave.core.assembler.ComponentContainer$ClassLoader;\
			org.burningwave.core.classes.MemoryClassLoader;\
			org.burningwave.core.classes.PathScannerClassLoader;
		modules.export-all-to-all=\
			true
		resource-releaser.enabled=\
			true
		synchronizer.all-threads-monitoring.enabled=\
			false
		synchronizer.all-threads-monitoring.interval=\
			90000
		thread-supplier.default-daemon-flag-value=\
			true
		thread-supplier.default-thread-priority=\
			5
		thread-supplier.max-detached-thread-count=\
			${thread-supplier.max-poolable-thread-count}
		thread-supplier.max-detached-thread-count.elapsed-time-threshold-from-last-increase-for-gradual-decreasing-to-initial-value=\
			30000
		thread-supplier.max-detached-thread-count.increasing-step=\
			autodetect
		thread-supplier.max-poolable-thread-count=\
			autodetect
		thread-supplier.poolable-thread-request-timeout=\
			6000


2025-12-04 16:29:15,461 [main] INFO  o.b.core.jvm.BufferHandler - (BufferHandler.java:127) - default buffer size: 1024 bytes
2025-12-04 16:29:15,472 [main] INFO  o.b.core.jvm.BufferHandler - (BufferHandler.java:141) - default allocation mode: ByteBuffer::allocateDirect
2025-12-04 16:29:15,473 [main] INFO  org.burningwave.core.Cache - (Cache.java:76) - Building cache
2025-12-04 16:29:15,480 [main] INFO  o.b.c.a.StaticComponentContainer - (StaticComponentContainer.java:443) - org.burningwave.core.assembler.StaticComponentContainer initialized in 0.0720842 seconds
2025-12-04 16:29:17,191 [Worker-2: Loading available Gradle versions] INFO  o.e.b.c.i.u.g.PublishedGradleVersions - Gradle version information cache is not available. Remote download required.
2025-12-04 16:47:57,296 [Burningwave - Resource releaser] INFO  o.b.c.a.StaticComponentContainer - (StaticComponentContainer.java:391) - ... Waiting for all tasks ending
2025-12-04 16:47:57,299 [Burningwave - Resource releaser] INFO  o.b.c.a.StaticComponentContainer - (StaticComponentContainer.java:397) - Closing all component containers
2025-12-04 16:47:57,300 [Burningwave - Resource releaser] INFO  o.b.c.a.StaticComponentContainer - (StaticComponentContainer.java:403) - Closing FileSystemHelper
2025-12-04 16:47:57,301 [Burningwave - Resource releaser] INFO  o.b.c.a.StaticComponentContainer - (StaticComponentContainer.java:409) - ... Waiting for all tasks ending before shutting down the BackgroundExecutor
2025-12-04 16:47:57,302 [Burningwave - Resource releaser] INFO  o.b.c.a.StaticComponentContainer - (StaticComponentContainer.java:414) - Shutting down BackgroundExecutor
2025-12-04 16:47:57,303 [Burningwave - Resource releaser] INFO  o.b.c.a.StaticComponentContainer - (StaticComponentContainer.java:420) - Stopping all threads monitoring thread
2025-12-04 16:47:57,303 [Burningwave - Resource releaser] INFO  o.b.c.a.StaticComponentContainer - (StaticComponentContainer.java:425) - Closing ThreadHolder
2025-12-04 16:47:57,304 [Burningwave - Resource releaser] INFO  o.b.c.a.StaticComponentContainer - (StaticComponentContainer.java:430) - Shutting down ThreadSupplier
2025-12-14 07:24:23,868 [main] INFO  o.b.c.a.StaticComponentContainer - (StaticComponentContainer.java:368) - Instantiated org.burningwave.core.SLF4JManagedLoggerRepository
2025-12-14 07:24:23,868 [main] INFO  o.b.c.a.StaticComponentContainer - (StaticComponentContainer.java:369) - 

	Configuration values for static components:

		background-executor.all-tasks-monitoring.enabled=\
			true
		background-executor.all-tasks-monitoring.interval=\
			30000
		background-executor.all-tasks-monitoring.logger.enabled=\
			false
		background-executor.all-tasks-monitoring.minimum-elapsed-time-to-consider-a-task-as-probable-dead-locked=\
			300000
		background-executor.all-tasks-monitoring.probable-dead-locked-tasks-handling.policy=\
			log only
		background-executor.queued-task-executor[0].name=\
			Low priority tasks
		background-executor.queued-task-executor[0].priority=\
			1
		background-executor.queued-task-executor[1].name=\
			Normal priority tasks
		background-executor.queued-task-executor[1].priority=\
			5
		background-executor.queued-task-executor[2].name=\
			High priority tasks
		background-executor.queued-task-executor[2].priority=\
			10
		background-executor.task-creation-tracking.enabled=\
			${background-executor.all-tasks-monitoring.enabled}
		banner.additonal-informations=\
			${Bundle-Vendor} ${Bundle-Name} ${Bundle-Version}
		banner.additonal-informations.retrieve-from-manifest-file-of=\
			Burningwave Core
		banner.file=\
			org/burningwave/banner.bwb
		banner.hide=\
			true
		buffer-handler.default-allocation-mode=\
			ByteBuffer::allocateDirect
		buffer-handler.default-buffer-size=\
			1024
		group-name-for-named-elements=\
			Burningwave
		iterable-object-helper.default-values-separator=\
			;
		iterable-object-helper.parallel-iteration.applicability.default-minimum-collection-size=\
			2
		iterable-object-helper.parallel-iteration.applicability.max-runtime-thread-count-threshold=\
			autodetect
		iterable-object-helper.parallel-iteration.applicability.output-collection-enabled-types=\
			java.util.concurrent.ConcurrentHashMap$CollectionView;\
			java.util.Collections$SynchronizedCollection;\
			java.util.concurrent.CopyOnWriteArrayList;\
			java.util.concurrent.CopyOnWriteArraySet;\
			java.util.concurrent.BlockingQueue;\
			java.util.concurrent.ConcurrentSkipListSet;\
			java.util.concurrent.ConcurrentSkipListMap$EntrySet;\
			java.util.concurrent.ConcurrentSkipListMap$KeySet;\
			java.util.concurrent.ConcurrentSkipListMap$Values;
		jvm.driver.init=\
			false
		managed-logger.repository=\
			autodetect
		managed-logger.repository.enabled=\
			true
		managed-logger.repository.logging.warn.disabled-for=\
			org.burningwave.core.assembler.ComponentContainer$ClassLoader;\
			org.burningwave.core.classes.MemoryClassLoader;\
			org.burningwave.core.classes.PathScannerClassLoader;
		modules.export-all-to-all=\
			true
		resource-releaser.enabled=\
			true
		synchronizer.all-threads-monitoring.enabled=\
			false
		synchronizer.all-threads-monitoring.interval=\
			90000
		thread-supplier.default-daemon-flag-value=\
			true
		thread-supplier.default-thread-priority=\
			5
		thread-supplier.max-detached-thread-count=\
			${thread-supplier.max-poolable-thread-count}
		thread-supplier.max-detached-thread-count.elapsed-time-threshold-from-last-increase-for-gradual-decreasing-to-initial-value=\
			30000
		thread-supplier.max-detached-thread-count.increasing-step=\
			autodetect
		thread-supplier.max-poolable-thread-count=\
			autodetect
		thread-supplier.poolable-thread-request-timeout=\
			6000


2025-12-14 07:24:23,868 [main] INFO  o.b.core.jvm.BufferHandler - (BufferHandler.java:127) - default buffer size: 1024 bytes
2025-12-14 07:24:23,868 [main] INFO  o.b.core.jvm.BufferHandler - (BufferHandler.java:141) - default allocation mode: ByteBuffer::allocateDirect
2025-12-14 07:24:23,868 [main] INFO  org.burningwave.core.Cache - (Cache.java:76) - Building cache
2025-12-14 07:24:23,888 [main] INFO  o.b.c.a.StaticComponentContainer - (StaticComponentContainer.java:443) - org.burningwave.core.assembler.StaticComponentContainer initialized in 0.0713766 seconds
2025-12-14 07:24:24,562 [Worker-6: Loading available Gradle versions] INFO  o.e.b.c.i.u.g.PublishedGradleVersions - Gradle version information cache is out-of-date. Trying to update.
2025-12-14 08:58:55,686 [Burningwave - Resource releaser] INFO  o.b.c.a.StaticComponentContainer - (StaticComponentContainer.java:391) - ... Waiting for all tasks ending
2025-12-14 08:58:55,687 [Burningwave - Resource releaser] INFO  o.b.c.a.StaticComponentContainer - (StaticComponentContainer.java:397) - Closing all component containers
2025-12-14 08:58:55,689 [Burningwave - Resource releaser] INFO  o.b.c.a.StaticComponentContainer - (StaticComponentContainer.java:403) - Closing FileSystemHelper
2025-12-14 08:58:55,689 [Burningwave - Resource releaser] INFO  o.b.c.a.StaticComponentContainer - (StaticComponentContainer.java:409) - ... Waiting for all tasks ending before shutting down the BackgroundExecutor
2025-12-14 08:58:55,691 [Burningwave - Resource releaser] INFO  o.b.c.a.StaticComponentContainer - (StaticComponentContainer.java:414) - Shutting down BackgroundExecutor
2025-12-14 08:58:55,692 [Burningwave - Resource releaser] INFO  o.b.c.a.StaticComponentContainer - (StaticComponentContainer.java:420) - Stopping all threads monitoring thread
2025-12-14 08:58:55,692 [Burningwave - Resource releaser] INFO  o.b.c.a.StaticComponentContainer - (StaticComponentContainer.java:425) - Closing ThreadHolder
2025-12-14 08:58:55,693 [Burningwave - Resource releaser] INFO  o.b.c.a.StaticComponentContainer - (StaticComponentContainer.java:430) - Shutting down ThreadSupplier
2025-12-14 09:01:19,712 [Worker-8: Loading available Gradle versions] INFO  o.e.b.c.i.u.g.PublishedGradleVersions - Gradle version information cache is up-to-date. Trying to read.
2025-12-14 09:04:02,255 [Worker-1: Loading available Gradle versions] INFO  o.e.b.c.i.u.g.PublishedGradleVersions - Gradle version information cache is up-to-date. Trying to read.
2025-12-14 09:10:32,378 [Worker-7: Loading available Gradle versions] INFO  o.e.b.c.i.u.g.PublishedGradleVersions - Gradle version information cache is out-of-date. Trying to update.
2025-12-14 11:43:54,817 [Worker-7: Loading available Gradle versions] INFO  o.e.b.c.i.u.g.PublishedGradleVersions - Gradle version information cache is up-to-date. Trying to read.
2025-12-14 12:02:33,454 [Worker-0: Loading available Gradle versions] INFO  o.e.b.c.i.u.g.PublishedGradleVersions - Gradle version information cache is up-to-date. Trying to read.
2025-12-17 08:39:36,791 [Worker-2: Loading available Gradle versions] INFO  o.e.b.c.i.u.g.PublishedGradleVersions - Gradle version information cache is out-of-date. Trying to update.
2025-12-24 13:22:41,456 [Worker-4: Loading available Gradle versions] INFO  o.e.b.c.i.u.g.PublishedGradleVersions - Gradle version information cache is out-of-date. Trying to update.
2025-12-25 16:11:43,416 [Worker-1: Loading available Gradle versions] INFO  o.e.b.c.i.u.g.PublishedGradleVersions - Gradle version information cache is out-of-date. Trying to update.
2025-12-28 07:20:08,634 [Worker-6: Loading available Gradle versions] INFO  o.e.b.c.i.u.g.PublishedGradleVersions - Gradle version information cache is out-of-date. Trying to update.
2025-12-28 14:27:47,679 [Worker-7: Loading available Gradle versions] INFO  o.e.b.c.i.u.g.PublishedGradleVersions - Gradle version information cache is up-to-date. Trying to read.
2025-12-29 07:26:02,275 [Worker-6: Loading available Gradle versions] INFO  o.e.b.c.i.u.g.PublishedGradleVersions - Gradle version information cache is out-of-date. Trying to update.
2025-12-29 13:55:02,993 [Worker-4: Loading available Gradle versions] INFO  o.e.b.c.i.u.g.PublishedGradleVersions - Gradle version information cache is up-to-date. Trying to read.
2025-12-29 14:33:24,020 [Worker-7: Loading available Gradle versions] INFO  o.e.b.c.i.u.g.PublishedGradleVersions - Gradle version information cache is up-to-date. Trying to read.
2026-01-11 09:28:05,268 [Worker-4: Loading available Gradle versions] INFO  o.e.b.c.i.u.g.PublishedGradleVersions - Gradle version information cache is out-of-date. Trying to update.
2026-01-11 10:37:30,935 [Worker-7: Loading available Gradle versions] INFO  o.e.b.c.i.u.g.PublishedGradleVersions - Gradle version information cache is out-of-date. Trying to update.
2026-01-11 11:44:40,873 [Worker-4: Loading available Gradle versions] INFO  o.e.b.c.i.u.g.PublishedGradleVersions - Gradle version information cache is up-to-date. Trying to read.
2026-01-11 11:46:12,385 [Worker-32: https://download.eclipse.org/releases/latest/compositeContent.jar] INFO  o.a.h.c.h.i.c.HttpRequestRetryExec - Recoverable I/O exception (java.net.SocketException) caught when processing request to {s}->https://download.eclipse.org:443
2026-01-11 11:50:34,013 [Worker-30: https://eclipse.c3sl.ufpr.br/releases/2025-12/202512101000/features/org.eclipse.emf.ecore.editor_2.20.0.v20250910-1205.jar] INFO  o.a.h.c.h.i.c.HttpRequestRetryExec - Recoverable I/O exception (java.net.SocketException) caught when processing request to {s}->https://eclipse.c3sl.ufpr.br:443
2026-01-11 11:50:34,013 [Worker-27: https://download.eclipse.org/releases/2025-12/202512101000/features/org.eclipse.emf.ecore_2.42.0.v20251025-0946.jar] INFO  o.a.h.c.h.i.c.HttpRequestRetryExec - Recoverable I/O exception (java.net.SocketException) caught when processing request to {s}->https://download.eclipse.org:443
2026-01-11 11:50:34,236 [Worker-36: https://download.eclipse.org/releases/2025-12/202512101000/features/org.eclipse.emf.ecore_2.42.0.v20251025-0946.jar] INFO  o.a.h.c.h.i.c.HttpRequestRetryExec - Recoverable I/O exception (java.net.SocketException) caught when processing request to {s}->https://download.eclipse.org:443
2026-01-11 11:50:34,467 [Worker-36: https://download.eclipse.org/releases/2025-12/202512101000/features/org.eclipse.emf.ecore.editor_2.20.0.v20250910-1205.jar] INFO  o.a.h.c.h.i.c.HttpRequestRetryExec - Recoverable I/O exception (java.net.SocketException) caught when processing request to {s}->https://download.eclipse.org:443
2026-01-11 11:50:34,524 [Worker-29: https://download.eclipse.org/releases/2025-12/202512101000/plugins/com.sun.xml.bind.jaxb-osgi_4.0.6.jar] INFO  o.a.h.c.h.i.c.HttpRequestRetryExec - Recoverable I/O exception (java.net.SocketException) caught when processing request to {s}->https://download.eclipse.org:443
2026-01-11 11:50:34,673 [Worker-35: https://download.eclipse.org/releases/2025-12/202512101000/features/org.eclipse.emf.ecore.editor_2.20.0.v20250910-1205.jar] INFO  o.a.h.c.h.i.c.HttpRequestRetryExec - Recoverable I/O exception (java.net.SocketException) caught when processing request to {s}->https://download.eclipse.org:443
2026-01-11 11:50:34,681 [Worker-22: https://download.eclipse.org/releases/2025-12/202512101000/features/org.eclipse.emf.ecore_2.42.0.v20251025-0946.jar] INFO  o.a.h.c.h.i.c.HttpRequestRetryExec - Recoverable I/O exception (java.net.SocketException) caught when processing request to {s}->https://download.eclipse.org:443
2026-01-11 11:50:34,733 [Worker-33: https://download.eclipse.org/releases/2025-12/202512101000/plugins/com.sun.xml.bind.jaxb-osgi_4.0.6.jar] INFO  o.a.h.c.h.i.c.HttpRequestRetryExec - Recoverable I/O exception (java.net.SocketException) caught when processing request to {s}->https://download.eclipse.org:443
2026-01-11 11:50:34,737 [Worker-19: https://download.eclipse.org/releases/2025-12/202512101000/plugins/com.sun.xml.bind.jaxb-osgi_4.0.6.jar] INFO  o.a.h.c.h.i.c.HttpRequestRetryExec - Recoverable I/O exception (java.net.SocketException) caught when processing request to {s}->https://download.eclipse.org:443
2026-01-11 11:50:34,898 [Worker-2: https://download.eclipse.org/releases/2025-12/202512101000/features/org.eclipse.emf.edit_2.24.0.v20250910-1205.jar] INFO  o.a.h.c.h.i.c.HttpRequestRetryExec - Recoverable I/O exception (java.net.SocketException) caught when processing request to {s}->https://download.eclipse.org:443
2026-01-11 11:50:34,908 [Worker-13: https://download.eclipse.org/releases/2025-12/202512101000/features/org.eclipse.emf.ecore_2.42.0.v20251025-0946.jar] INFO  o.a.h.c.h.i.c.HttpRequestRetryExec - Recoverable I/O exception (java.net.SocketException) caught when processing request to {s}->https://download.eclipse.org:443
2026-01-11 11:50:34,922 [Worker-33: https://download.eclipse.org/releases/2025-12/202512101000/features/org.eclipse.emf.edit.ui_2.28.0.v20250910-1205.jar] INFO  o.a.h.c.h.i.c.HttpRequestRetryExec - Recoverable I/O exception (java.net.SocketException) caught when processing request to {s}->https://download.eclipse.org:443
2026-01-11 11:50:34,940 [Worker-15: https://download.eclipse.org/releases/2025-12/202512101000/features/org.eclipse.emf_2.44.0.v20251106-1447.jar] INFO  o.a.h.c.h.i.c.HttpRequestRetryExec - Recoverable I/O exception (java.net.SocketException) caught when processing request to {s}->https://download.eclipse.org:443
2026-01-11 11:50:34,956 [Worker-22: https://download.eclipse.org/releases/2025-12/202512101000/plugins/com.sun.xml.bind.jaxb-osgi_4.0.6.jar] INFO  o.a.h.c.h.i.c.HttpRequestRetryExec - Recoverable I/O exception (java.net.SocketException) caught when processing request to {s}->https://download.eclipse.org:443
2026-01-11 11:50:35,114 [Worker-2: https://download.eclipse.org/releases/2025-12/202512101000/features/org.eclipse.emf.edit_2.24.0.v20250910-1205.jar] INFO  o.a.h.c.h.i.c.HttpRequestRetryExec - Recoverable I/O exception (java.net.SocketException) caught when processing request to {s}->https://download.eclipse.org:443
2026-01-11 11:50:35,131 [Worker-30: https://download.eclipse.org/releases/2025-12/202512101000/features/org.eclipse.emf.mapping.ecore_2.15.0.v20250910-1205.jar] INFO  o.a.h.c.h.i.c.HttpRequestRetryExec - Recoverable I/O exception (java.net.SocketException) caught when processing request to {s}->https://download.eclipse.org:443
2026-01-11 11:50:35,136 [Worker-29: https://download.eclipse.org/releases/2025-12/202512101000/features/org.eclipse.emf.edit.ui_2.28.0.v20250910-1205.jar] INFO  o.a.h.c.h.i.c.HttpRequestRetryExec - Recoverable I/O exception (java.net.SocketException) caught when processing request to {s}->https://download.eclipse.org:443
2026-01-11 11:50:35,161 [Worker-7: https://download.eclipse.org/releases/2025-12/202512101000/features/org.eclipse.emf.mapping_2.16.0.v20250910-1205.jar] INFO  o.a.h.c.h.i.c.HttpRequestRetryExec - Recoverable I/O exception (java.net.SocketException) caught when processing request to {s}->https://download.eclipse.org:443
2026-01-11 11:50:35,166 [Worker-15: https://download.eclipse.org/releases/2025-12/202512101000/features/org.eclipse.emf_2.44.0.v20251106-1447.jar] INFO  o.a.h.c.h.i.c.HttpRequestRetryExec - Recoverable I/O exception (java.net.SocketException) caught when processing request to {s}->https://download.eclipse.org:443
2026-01-11 11:50:35,184 [Worker-19: https://download.eclipse.org/releases/2025-12/202512101000/features/org.eclipse.gef_3.26.0.202512020742.jar] INFO  o.a.h.c.h.i.c.HttpRequestRetryExec - Recoverable I/O exception (java.net.SocketException) caught when processing request to {s}->https://download.eclipse.org:443
2026-01-11 11:50:35,192 [Worker-29: https://download.eclipse.org/releases/2025-12/202512101000/features/org.eclipse.emf.mapping.ui_2.17.0.v20250910-1205.jar] INFO  o.a.h.c.h.i.c.HttpRequestRetryExec - Recoverable I/O exception (java.net.SocketException) caught when processing request to {s}->https://download.eclipse.org:443
2026-01-11 11:50:35,358 [Worker-5: https://download.eclipse.org/releases/2025-12/202512101000/features/org.eclipse.emf.mapping.ecore_2.15.0.v20250910-1205.jar] INFO  o.a.h.c.h.i.c.HttpRequestRetryExec - Recoverable I/O exception (java.net.SocketException) caught when processing request to {s}->https://download.eclipse.org:443
2026-01-11 11:50:35,376 [Worker-31: https://download.eclipse.org/releases/2025-12/202512101000/features/org.eclipse.emf.mapping_2.16.0.v20250910-1205.jar] INFO  o.a.h.c.h.i.c.HttpRequestRetryExec - Recoverable I/O exception (java.net.SocketException) caught when processing request to {s}->https://download.eclipse.org:443
2026-01-11 11:50:35,380 [Worker-7: https://download.eclipse.org/releases/2025-12/202512101000/plugins/org.eclipse.nebula.widgets.ganttchart_1.0.0.202509131601.jar] INFO  o.a.h.c.h.i.c.HttpRequestRetryExec - Recoverable I/O exception (java.net.SocketException) caught when processing request to {s}->https://download.eclipse.org:443
2026-01-11 11:50:35,386 [Worker-12: https://download.eclipse.org/releases/2025-12/202512101000/plugins/org.eclipse.nebula.widgets.gallery_1.0.0.202509131601.jar] INFO  o.a.h.c.h.i.c.HttpRequestRetryExec - Recoverable I/O exception (java.net.SocketException) caught when processing request to {s}->https://download.eclipse.org:443
2026-01-11 11:50:35,390 [Worker-2: https://download.eclipse.org/releases/2025-12/202512101000/features/org.eclipse.gef_3.26.0.202512020742.jar] INFO  o.a.h.c.h.i.c.HttpRequestRetryExec - Recoverable I/O exception (java.net.SocketException) caught when processing request to {s}->https://download.eclipse.org:443
2026-01-11 11:50:35,394 [Worker-33: https://download.eclipse.org/releases/2025-12/202512101000/plugins/org.eclipse.nebula.widgets.grid_1.2.0.202509131601.jar] INFO  o.a.h.c.h.i.c.HttpRequestRetryExec - Recoverable I/O exception (java.net.SocketException) caught when processing request to {s}->https://download.eclipse.org:443
2026-01-11 11:50:35,418 [Worker-22: https://download.eclipse.org/releases/2025-12/202512101000/features/org.eclipse.emf.mapping.ui_2.17.0.v20250910-1205.jar] INFO  o.a.h.c.h.i.c.HttpRequestRetryExec - Recoverable I/O exception (java.net.SocketException) caught when processing request to {s}->https://download.eclipse.org:443
2026-01-11 11:50:35,436 [Worker-7: https://download.eclipse.org/releases/2025-12/202512101000/plugins/org.eclipse.nebula.widgets.opal.commons_1.0.0.202509131601.jar] INFO  o.a.h.c.h.i.c.HttpRequestRetryExec - Recoverable I/O exception (java.net.SocketException) caught when processing request to {s}->https://download.eclipse.org:443
2026-01-11 11:50:35,585 [Worker-13: https://download.eclipse.org/releases/2025-12/202512101000/plugins/org.eclipse.nebula.widgets.ganttchart_1.0.0.202509131601.jar] INFO  o.a.h.c.h.i.c.HttpRequestRetryExec - Recoverable I/O exception (java.net.SocketException) caught when processing request to {s}->https://download.eclipse.org:443
2026-01-11 11:50:35,589 [Worker-5: https://download.eclipse.org/releases/2025-12/202512101000/plugins/org.eclipse.nebula.widgets.pshelf_1.1.0.202509131601.jar] INFO  o.a.h.c.h.i.c.HttpRequestRetryExec - Recoverable I/O exception (java.net.SocketException) caught when processing request to {s}->https://download.eclipse.org:443
2026-01-11 11:50:35,591 [Worker-2: https://download.eclipse.org/releases/2025-12/202512101000/plugins/org.eclipse.nebula.widgets.gallery_1.0.0.202509131601.jar] INFO  o.a.h.c.h.i.c.HttpRequestRetryExec - Recoverable I/O exception (java.net.SocketException) caught when processing request to {s}->https://download.eclipse.org:443
2026-01-11 11:50:35,594 [Worker-21: https://download.eclipse.org/releases/2025-12/202512101000/plugins/org.eclipse.nebula.widgets.radiogroup_1.0.0.202509131601.jar] INFO  o.a.h.c.h.i.c.HttpRequestRetryExec - Recoverable I/O exception (java.net.SocketException) caught when processing request to {s}->https://download.eclipse.org:443
2026-01-11 11:50:35,610 [Worker-12: https://download.eclipse.org/releases/2025-12/202512101000/plugins/org.eclipse.nebula.widgets.grid_1.2.0.202509131601.jar] INFO  o.a.h.c.h.i.c.HttpRequestRetryExec - Recoverable I/O exception (java.net.SocketException) caught when processing request to {s}->https://download.eclipse.org:443
2026-01-11 11:50:35,614 [Worker-22: https://download.eclipse.org/releases/2025-12/202512101000/plugins/org.eclipse.wb.core_1.22.0.202511270930.jar] INFO  o.a.h.c.h.i.c.HttpRequestRetryExec - Recoverable I/O exception (java.net.SocketException) caught when processing request to {s}->https://download.eclipse.org:443
2026-01-11 11:50:35,640 [Worker-19: https://download.eclipse.org/releases/2025-12/202512101000/plugins/org.eclipse.nebula.widgets.opal.commons_1.0.0.202509131601.jar] INFO  o.a.h.c.h.i.c.HttpRequestRetryExec - Recoverable I/O exception (java.net.SocketException) caught when processing request to {s}->https://download.eclipse.org:443
2026-01-11 11:50:35,663 [Worker-10: https://download.eclipse.org/releases/2025-12/202512101000/plugins/org.eclipse.wb.core.databinding_1.9.1000.202507190808.jar] INFO  o.a.h.c.h.i.c.HttpRequestRetryExec - Recoverable I/O exception (java.net.SocketException) caught when processing request to {s}->https://download.eclipse.org:443
2026-01-11 11:50:35,798 [Worker-13: https://download.eclipse.org/releases/2025-12/202512101000/plugins/org.eclipse.nebula.widgets.pshelf_1.1.0.202509131601.jar] INFO  o.a.h.c.h.i.c.HttpRequestRetryExec - Recoverable I/O exception (java.net.SocketException) caught when processing request to {s}->https://download.eclipse.org:443
2026-01-11 11:50:35,809 [Worker-36: https://download.eclipse.org/releases/2025-12/202512101000/plugins/org.eclipse.nebula.widgets.radiogroup_1.0.0.202509131601.jar] INFO  o.a.h.c.h.i.c.HttpRequestRetryExec - Recoverable I/O exception (java.net.SocketException) caught when processing request to {s}->https://download.eclipse.org:443
2026-01-11 11:50:35,832 [Worker-9: https://download.eclipse.org/releases/2025-12/202512101000/plugins/org.eclipse.wb.core_1.22.0.202511270930.jar] INFO  o.a.h.c.h.i.c.HttpRequestRetryExec - Recoverable I/O exception (java.net.SocketException) caught when processing request to {s}->https://download.eclipse.org:443
2026-01-11 11:50:35,856 [Worker-7: https://download.eclipse.org/releases/2025-12/202512101000/plugins/org.eclipse.wb.core.java_1.13.300.202511092021.jar] INFO  o.a.h.c.h.i.c.HttpRequestRetryExec - Recoverable I/O exception (java.net.SocketException) caught when processing request to {s}->https://download.eclipse.org:443
2026-01-11 11:50:35,880 [Worker-26: https://download.eclipse.org/releases/2025-12/202512101000/plugins/org.eclipse.wb.core.databinding_1.9.1000.202507190808.jar] INFO  o.a.h.c.h.i.c.HttpRequestRetryExec - Recoverable I/O exception (java.net.SocketException) caught when processing request to {s}->https://download.eclipse.org:443
2026-01-11 11:50:35,886 [Worker-22: https://download.eclipse.org/releases/2025-12/202512101000/features/org.eclipse.wb.core.java.feature_1.22.0.202511092021.jar] INFO  o.a.h.c.h.i.c.HttpRequestRetryExec - Recoverable I/O exception (java.net.SocketException) caught when processing request to {s}->https://download.eclipse.org:443
2026-01-11 11:50:36,060 [Worker-36: https://download.eclipse.org/releases/2025-12/202512101000/plugins/org.eclipse.wb.core.ui_1.10.900.202510120710.jar] INFO  o.a.h.c.h.i.c.HttpRequestRetryExec - Recoverable I/O exception (java.net.SocketException) caught when processing request to {s}->https://download.eclipse.org:443
2026-01-11 11:50:36,061 [Worker-10: https://download.eclipse.org/releases/2025-12/202512101000/features/org.eclipse.wb.core.ui.feature_1.22.0.202510120710.jar] INFO  o.a.h.c.h.i.c.HttpRequestRetryExec - Recoverable I/O exception (java.net.SocketException) caught when processing request to {s}->https://download.eclipse.org:443
2026-01-11 11:50:36,079 [Worker-2: https://download.eclipse.org/releases/2025-12/202512101000/plugins/org.eclipse.wb.core.java_1.13.300.202511092021.jar] INFO  o.a.h.c.h.i.c.HttpRequestRetryExec - Recoverable I/O exception (java.net.SocketException) caught when processing request to {s}->https://download.eclipse.org:443
2026-01-11 11:50:36,090 [Worker-27: https://download.eclipse.org/releases/2025-12/202512101000/features/org.eclipse.wb.core.java.feature_1.22.0.202511092021.jar] INFO  o.a.h.c.h.i.c.HttpRequestRetryExec - Recoverable I/O exception (java.net.SocketException) caught when processing request to {s}->https://download.eclipse.org:443
2026-01-11 11:50:36,094 [Worker-30: https://download.eclipse.org/releases/2025-12/202512101000/features/org.eclipse.wb.doc.user.feature_1.22.0.202511270930.jar] INFO  o.a.h.c.h.i.c.HttpRequestRetryExec - Recoverable I/O exception (java.net.SocketException) caught when processing request to {s}->https://download.eclipse.org:443
2026-01-11 11:50:36,095 [Worker-31: https://download.eclipse.org/releases/2025-12/202512101000/plugins/org.eclipse.wb.doc.user_1.10.600.202511270930.jar] INFO  o.a.h.c.h.i.c.HttpRequestRetryExec - Recoverable I/O exception (java.net.SocketException) caught when processing request to {s}->https://download.eclipse.org:443
2026-01-11 11:50:36,279 [Worker-29: https://download.eclipse.org/releases/2025-12/202512101000/plugins/org.eclipse.wb.core.ui_1.10.900.202510120710.jar] INFO  o.a.h.c.h.i.c.HttpRequestRetryExec - Recoverable I/O exception (java.net.SocketException) caught when processing request to {s}->https://download.eclipse.org:443
2026-01-11 11:50:36,287 [Worker-36: https://download.eclipse.org/releases/2025-12/202512101000/plugins/org.eclipse.wb.layout.group_1.9.1200.202511072022.jar] INFO  o.a.h.c.h.i.c.HttpRequestRetryExec - Recoverable I/O exception (java.net.SocketException) caught when processing request to {s}->https://download.eclipse.org:443
2026-01-11 11:50:36,294 [Worker-26: https://download.eclipse.org/releases/2025-12/202512101000/features/org.eclipse.wb.core.ui.feature_1.22.0.202510120710.jar] INFO  o.a.h.c.h.i.c.HttpRequestRetryExec - Recoverable I/O exception (java.net.SocketException) caught when processing request to {s}->https://download.eclipse.org:443
2026-01-11 11:50:36,302 [Worker-27: https://download.eclipse.org/releases/2025-12/202512101000/plugins/org.eclipse.wb.doc.user_1.10.600.202511270930.jar] INFO  o.a.h.c.h.i.c.HttpRequestRetryExec - Recoverable I/O exception (java.net.SocketException) caught when processing request to {s}->https://download.eclipse.org:443
2026-01-11 11:50:36,321 [Worker-5: https://download.eclipse.org/releases/2025-12/202512101000/features/org.eclipse.wb.layout.group.feature_1.22.0.202511072022.jar] INFO  o.a.h.c.h.i.c.HttpRequestRetryExec - Recoverable I/O exception (java.net.SocketException) caught when processing request to {s}->https://download.eclipse.org:443
2026-01-11 11:50:36,334 [Worker-29: https://download.eclipse.org/releases/2025-12/202512101000/plugins/org.eclipse.wb.os_1.10.0.202511112056.jar] INFO  o.a.h.c.h.i.c.HttpRequestRetryExec - Recoverable I/O exception (java.net.SocketException) caught when processing request to {s}->https://download.eclipse.org:443
2026-01-11 11:50:36,336 [Worker-13: https://download.eclipse.org/releases/2025-12/202512101000/features/org.eclipse.wb.doc.user.feature_1.22.0.202511270930.jar] INFO  o.a.h.c.h.i.c.HttpRequestRetryExec - Recoverable I/O exception (java.net.SocketException) caught when processing request to {s}->https://download.eclipse.org:443
2026-01-11 11:50:36,340 [Worker-15: https://download.eclipse.org/releases/2025-12/202512101000/plugins/org.eclipse.wb.os.win32_1.10.300.202511112056.jar] INFO  o.a.h.c.h.i.c.HttpRequestRetryExec - Recoverable I/O exception (java.net.SocketException) caught when processing request to {s}->https://download.eclipse.org:443
2026-01-11 11:50:36,516 [Worker-10: https://download.eclipse.org/releases/2025-12/202512101000/plugins/org.eclipse.wb.layout.group_1.9.1200.202511072022.jar] INFO  o.a.h.c.h.i.c.HttpRequestRetryExec - Recoverable I/O exception (java.net.SocketException) caught when processing request to {s}->https://download.eclipse.org:443
2026-01-11 11:50:36,537 [Worker-8: https://download.eclipse.org/releases/2025-12/202512101000/features/org.eclipse.wb.layout.group.feature_1.22.0.202511072022.jar] INFO  o.a.h.c.h.i.c.HttpRequestRetryExec - Recoverable I/O exception (java.net.SocketException) caught when processing request to {s}->https://download.eclipse.org:443
2026-01-11 11:50:36,537 [Worker-12: https://download.eclipse.org/releases/2025-12/202512101000/plugins/org.eclipse.wb.rcp_1.9.1300.202511112056.jar] INFO  o.a.h.c.h.i.c.HttpRequestRetryExec - Recoverable I/O exception (java.net.SocketException) caught when processing request to {s}->https://download.eclipse.org:443
2026-01-11 11:50:36,550 [Worker-15: https://download.eclipse.org/releases/2025-12/202512101000/plugins/org.eclipse.wb.os_1.10.0.202511112056.jar] INFO  o.a.h.c.h.i.c.HttpRequestRetryExec - Recoverable I/O exception (java.net.SocketException) caught when processing request to {s}->https://download.eclipse.org:443
2026-01-11 11:50:36,560 [Worker-35: https://download.eclipse.org/releases/2025-12/202512101000/plugins/org.eclipse.wb.rcp.SWT_AWT_1.9.800.202505171009.jar] INFO  o.a.h.c.h.i.c.HttpRequestRetryExec - Recoverable I/O exception (java.net.SocketException) caught when processing request to {s}->https://download.eclipse.org:443
2026-01-11 11:50:36,561 [Worker-33: https://download.eclipse.org/releases/2025-12/202512101000/features/org.eclipse.wb.rcp.SWT_AWT_support_1.22.0.202509102028.jar] INFO  o.a.h.c.h.i.c.HttpRequestRetryExec - Recoverable I/O exception (java.net.SocketException) caught when processing request to {s}->https://download.eclipse.org:443
2026-01-11 11:50:36,569 [Worker-5: https://download.eclipse.org/releases/2025-12/202512101000/plugins/org.eclipse.wb.os.win32_1.10.300.202511112056.jar] INFO  o.a.h.c.h.i.c.HttpRequestRetryExec - Recoverable I/O exception (java.net.SocketException) caught when processing request to {s}->https://download.eclipse.org:443
2026-01-11 11:50:36,572 [Worker-29: https://download.eclipse.org/releases/2025-12/202512101000/plugins/org.eclipse.wb.rcp.databinding_1.10.400.202509302001.jar] INFO  o.a.h.c.h.i.c.HttpRequestRetryExec - Recoverable I/O exception (java.net.SocketException) caught when processing request to {s}->https://download.eclipse.org:443
2026-01-11 11:50:36,758 [Worker-33: https://download.eclipse.org/releases/2025-12/202512101000/plugins/org.eclipse.wb.rcp_1.9.1300.202511112056.jar] INFO  o.a.h.c.h.i.c.HttpRequestRetryExec - Recoverable I/O exception (java.net.SocketException) caught when processing request to {s}->https://download.eclipse.org:443
2026-01-11 11:50:36,764 [Worker-9: https://download.eclipse.org/releases/2025-12/202512101000/plugins/org.eclipse.wb.rcp.databinding.emf_1.9.900.202507292027.jar] INFO  o.a.h.c.h.i.c.HttpRequestRetryExec - Recoverable I/O exception (java.net.SocketException) caught when processing request to {s}->https://download.eclipse.org:443
2026-01-11 11:50:36,766 [Worker-5: https://download.eclipse.org/releases/2025-12/202512101000/plugins/org.eclipse.wb.rcp.SWT_AWT_1.9.800.202505171009.jar] INFO  o.a.h.c.h.i.c.HttpRequestRetryExec - Recoverable I/O exception (java.net.SocketException) caught when processing request to {s}->https://download.eclipse.org:443
2026-01-11 11:50:36,777 [Worker-29: https://download.eclipse.org/releases/2025-12/202512101000/features/org.eclipse.wb.rcp.SWT_AWT_support_1.22.0.202509102028.jar] INFO  o.a.h.c.h.i.c.HttpRequestRetryExec - Recoverable I/O exception (java.net.SocketException) caught when processing request to {s}->https://download.eclipse.org:443
2026-01-11 11:50:36,781 [Worker-8: https://download.eclipse.org/releases/2025-12/202512101000/plugins/org.eclipse.wb.rcp.doc.user_1.9.600.202505271654.jar] INFO  o.a.h.c.h.i.c.HttpRequestRetryExec - Recoverable I/O exception (java.net.SocketException) caught when processing request to {s}->https://download.eclipse.org:443
2026-01-11 11:50:36,787 [Worker-30: https://download.eclipse.org/releases/2025-12/202512101000/plugins/org.eclipse.wb.rcp.databinding_1.10.400.202509302001.jar] INFO  o.a.h.c.h.i.c.HttpRequestRetryExec - Recoverable I/O exception (java.net.SocketException) caught when processing request to {s}->https://download.eclipse.org:443
2026-01-11 11:50:36,791 [Worker-7: https://download.eclipse.org/releases/2025-12/202512101000/features/org.eclipse.wb.rcp.feature_1.22.0.202511112056.jar] INFO  o.a.h.c.h.i.c.HttpRequestRetryExec - Recoverable I/O exception (java.net.SocketException) caught when processing request to {s}->https://download.eclipse.org:443
2026-01-11 11:50:36,792 [Worker-27: https://download.eclipse.org/releases/2025-12/202512101000/features/org.eclipse.wb.rcp.doc.user.feature_1.22.0.202509102028.jar] INFO  o.a.h.c.h.i.c.HttpRequestRetryExec - Recoverable I/O exception (java.net.SocketException) caught when processing request to {s}->https://download.eclipse.org:443
2026-01-11 11:50:36,986 [Worker-8: https://download.eclipse.org/releases/2025-12/202512101000/plugins/org.eclipse.wb.rcp.doc.user_1.9.600.202505271654.jar] INFO  o.a.h.c.h.i.c.HttpRequestRetryExec - Recoverable I/O exception (java.net.SocketException) caught when processing request to {s}->https://download.eclipse.org:443
2026-01-11 11:50:36,989 [Worker-30: https://download.eclipse.org/releases/2025-12/202512101000/plugins/org.eclipse.wb.rcp.databinding.emf_1.9.900.202507292027.jar] INFO  o.a.h.c.h.i.c.HttpRequestRetryExec - Recoverable I/O exception (java.net.SocketException) caught when processing request to {s}->https://download.eclipse.org:443
2026-01-11 11:50:37,005 [Worker-5: https://download.eclipse.org/releases/2025-12/202512101000/features/org.eclipse.wb.rcp.feature_1.22.0.202511112056.jar] INFO  o.a.h.c.h.i.c.HttpRequestRetryExec - Recoverable I/O exception (java.net.SocketException) caught when processing request to {s}->https://download.eclipse.org:443
2026-01-11 11:50:37,006 [Worker-10: https://download.eclipse.org/releases/2025-12/202512101000/features/org.eclipse.wb.rcp.doc.user.feature_1.22.0.202509102028.jar] INFO  o.a.h.c.h.i.c.HttpRequestRetryExec - Recoverable I/O exception (java.net.SocketException) caught when processing request to {s}->https://download.eclipse.org:443
2026-01-11 11:50:37,009 [Worker-31: https://download.eclipse.org/releases/2025-12/202512101000/plugins/org.eclipse.wb.runtime_1.9.200.202505171009.jar] INFO  o.a.h.c.h.i.c.HttpRequestRetryExec - Recoverable I/O exception (java.net.SocketException) caught when processing request to {s}->https://download.eclipse.org:443
2026-01-11 11:50:37,010 [Worker-7: https://download.eclipse.org/releases/2025-12/202512101000/plugins/org.eclipse.wb.swing_1.10.400.202511092021.jar] INFO  o.a.h.c.h.i.c.HttpRequestRetryExec - Recoverable I/O exception (java.net.SocketException) caught when processing request to {s}->https://download.eclipse.org:443
2026-01-11 11:50:37,201 [Worker-5: https://download.eclipse.org/releases/2025-12/202512101000/plugins/org.eclipse.wb.swing.MigLayout_1.11.300.202510160525.jar] INFO  o.a.h.c.h.i.c.HttpRequestRetryExec - Recoverable I/O exception (java.net.SocketException) caught when processing request to {s}->https://download.eclipse.org:443
2026-01-11 11:50:37,209 [Worker-12: https://download.eclipse.org/releases/2025-12/202512101000/plugins/org.eclipse.wb.swing.FormLayout_1.12.300.202509232014.jar] INFO  o.a.h.c.h.i.c.HttpRequestRetryExec - Recoverable I/O exception (java.net.SocketException) caught when processing request to {s}->https://download.eclipse.org:443
2026-01-11 11:50:37,214 [Worker-19: https://download.eclipse.org/releases/2025-12/202512101000/plugins/org.eclipse.wb.swing_1.10.400.202511092021.jar] INFO  o.a.h.c.h.i.c.HttpRequestRetryExec - Recoverable I/O exception (java.net.SocketException) caught when processing request to {s}->https://download.eclipse.org:443
2026-01-11 11:50:37,222 [Worker-21: https://download.eclipse.org/releases/2025-12/202512101000/plugins/org.eclipse.wb.runtime_1.9.200.202505171009.jar] INFO  o.a.h.c.h.i.c.HttpRequestRetryExec - Recoverable I/O exception (java.net.SocketException) caught when processing request to {s}->https://download.eclipse.org:443
2026-01-11 11:50:37,229 [Worker-26: https://download.eclipse.org/releases/2025-12/202512101000/plugins/org.eclipse.wb.swing.databinding_1.9.1000.202509121930.jar] INFO  o.a.h.c.h.i.c.HttpRequestRetryExec - Recoverable I/O exception (java.net.SocketException) caught when processing request to {s}->https://download.eclipse.org:443
2026-01-11 11:50:37,247 [Worker-36: https://download.eclipse.org/releases/2025-12/202512101000/plugins/org.eclipse.wb.swing.doc.user_1.10.0.202510111456.jar] INFO  o.a.h.c.h.i.c.HttpRequestRetryExec - Recoverable I/O exception (java.net.SocketException) caught when processing request to {s}->https://download.eclipse.org:443
2026-01-11 11:50:37,416 [Worker-15: https://download.eclipse.org/releases/2025-12/202512101000/plugins/org.eclipse.wb.swing.MigLayout_1.11.300.202510160525.jar] INFO  o.a.h.c.h.i.c.HttpRequestRetryExec - Recoverable I/O exception (java.net.SocketException) caught when processing request to {s}->https://download.eclipse.org:443
2026-01-11 11:50:37,421 [Worker-9: https://download.eclipse.org/releases/2025-12/202512101000/features/org.eclipse.wb.swing.doc.user.feature_1.22.0.202510111456.jar] INFO  o.a.h.c.h.i.c.HttpRequestRetryExec - Recoverable I/O exception (java.net.SocketException) caught when processing request to {s}->https://download.eclipse.org:443
2026-01-11 11:50:37,424 [Worker-5: https://download.eclipse.org/releases/2025-12/202512101000/plugins/org.eclipse.wb.swing.FormLayout_1.12.300.202509232014.jar] INFO  o.a.h.c.h.i.c.HttpRequestRetryExec - Recoverable I/O exception (java.net.SocketException) caught when processing request to {s}->https://download.eclipse.org:443
2026-01-11 11:50:37,427 [Worker-19: https://download.eclipse.org/releases/2025-12/202512101000/features/org.eclipse.wb.swing.feature_1.22.0.202511092021.jar] INFO  o.a.h.c.h.i.c.HttpRequestRetryExec - Recoverable I/O exception (java.net.SocketException) caught when processing request to {s}->https://download.eclipse.org:443
2026-01-11 11:50:37,443 [Worker-12: https://download.eclipse.org/releases/2025-12/202512101000/plugins/org.eclipse.wb.swing.databinding_1.9.1000.202509121930.jar] INFO  o.a.h.c.h.i.c.HttpRequestRetryExec - Recoverable I/O exception (java.net.SocketException) caught when processing request to {s}->https://download.eclipse.org:443
2026-01-11 11:50:37,446 [Worker-7: https://download.eclipse.org/releases/2025-12/202512101000/plugins/org.eclipse.wb.swing.java6_1.9.1200.202509240420.jar] INFO  o.a.h.c.h.i.c.HttpRequestRetryExec - Recoverable I/O exception (java.net.SocketException) caught when processing request to {s}->https://download.eclipse.org:443
2026-01-11 11:50:37,451 [Worker-10: https://download.eclipse.org/releases/2025-12/202512101000/plugins/org.eclipse.wb.swing.doc.user_1.10.0.202510111456.jar] INFO  o.a.h.c.h.i.c.HttpRequestRetryExec - Recoverable I/O exception (java.net.SocketException) caught when processing request to {s}->https://download.eclipse.org:443
2026-01-11 11:50:37,454 [Worker-15: https://download.eclipse.org/releases/2025-12/202512101000/plugins/org.eclipse.wb.swt_1.10.300.202511092021.jar] INFO  o.a.h.c.h.i.c.HttpRequestRetryExec - Recoverable I/O exception (java.net.SocketException) caught when processing request to {s}->https://download.eclipse.org:443
2026-01-11 11:50:37,626 [Worker-13: https://download.eclipse.org/releases/2025-12/202512101000/features/org.eclipse.wb.swing.doc.user.feature_1.22.0.202510111456.jar] INFO  o.a.h.c.h.i.c.HttpRequestRetryExec - Recoverable I/O exception (java.net.SocketException) caught when processing request to {s}->https://download.eclipse.org:443
2026-01-11 11:50:37,631 [Worker-15: https://download.eclipse.org/releases/2025-12/202512101000/features/org.eclipse.wb.swing.feature_1.22.0.202511092021.jar] INFO  o.a.h.c.h.i.c.HttpRequestRetryExec - Recoverable I/O exception (java.net.SocketException) caught when processing request to {s}->https://download.eclipse.org:443
2026-01-11 11:50:37,632 [Worker-21: https://download.eclipse.org/releases/2025-12/202512101000/features/org.eclipse.wb.swt.feature_1.22.0.202511092021.jar] INFO  o.a.h.c.h.i.c.HttpRequestRetryExec - Recoverable I/O exception (java.net.SocketException) caught when processing request to {s}->https://download.eclipse.org:443
2026-01-11 11:50:37,635 [Worker-22: https://download.eclipse.org/releases/2025-12/202512101000/plugins/org.eclipse.wb.swt.widgets.baseline_1.10.300.202505171009.jar] INFO  o.a.h.c.h.i.c.HttpRequestRetryExec - Recoverable I/O exception (java.net.SocketException) caught when processing request to {s}->https://download.eclipse.org:443
2026-01-11 11:50:37,658 [Worker-2: https://download.eclipse.org/releases/2025-12/202512101000/plugins/org.eclipse.wb.swt_1.10.300.202511092021.jar] INFO  o.a.h.c.h.i.c.HttpRequestRetryExec - Recoverable I/O exception (java.net.SocketException) caught when processing request to {s}->https://download.eclipse.org:443
2026-01-11 11:50:37,659 [Worker-29: https://download.eclipse.org/releases/2025-12/202512101000/plugins/org.eclipse.wb.swing.java6_1.9.1200.202509240420.jar] INFO  o.a.h.c.h.i.c.HttpRequestRetryExec - Recoverable I/O exception (java.net.SocketException) caught when processing request to {s}->https://download.eclipse.org:443
2026-01-11 11:50:37,661 [Worker-26: https://download.eclipse.org/releases/2025-12/202512101000/plugins/org.mortbay.jasper.mortbay-apache-el_9.0.111.jar] INFO  o.a.h.c.h.i.c.HttpRequestRetryExec - Recoverable I/O exception (java.net.SocketException) caught when processing request to {s}->https://download.eclipse.org:443
2026-01-11 11:50:37,837 [Worker-19: https://download.eclipse.org/releases/2025-12/202512101000/features/org.eclipse.wb.swt.feature_1.22.0.202511092021.jar] INFO  o.a.h.c.h.i.c.HttpRequestRetryExec - Recoverable I/O exception (java.net.SocketException) caught when processing request to {s}->https://download.eclipse.org:443
2026-01-11 11:50:37,841 [Worker-15: https://download.eclipse.org/releases/2025-12/202512101000/plugins/org.eclipse.wb.swt.widgets.baseline_1.10.300.202505171009.jar] INFO  o.a.h.c.h.i.c.HttpRequestRetryExec - Recoverable I/O exception (java.net.SocketException) caught when processing request to {s}->https://download.eclipse.org:443
2026-01-11 11:50:37,865 [Worker-36: https://download.eclipse.org/releases/2025-12/202512101000/plugins/org.mortbay.jasper.mortbay-apache-el_9.0.111.jar] INFO  o.a.h.c.h.i.c.HttpRequestRetryExec - Recoverable I/O exception (java.net.SocketException) caught when processing request to {s}->https://download.eclipse.org:443
2026-01-11 11:50:38,087 [Worker-28: https://download.eclipse.org/windowbuilder/updates/release/1.22.0/plugins/org.eclipse.nebula.widgets.ganttchart_1.0.0.202509131601.jar] INFO  o.a.h.c.h.i.c.HttpRequestRetryExec - Recoverable I/O exception (java.net.SocketException) caught when processing request to {s}->https://download.eclipse.org:443
2026-01-11 11:50:38,288 [Worker-29: https://download.eclipse.org/windowbuilder/updates/release/1.22.0/plugins/net.bytebuddy.byte-buddy_1.18.1.jar] INFO  o.a.h.c.h.i.c.HttpRequestRetryExec - Recoverable I/O exception (java.net.SocketException) caught when processing request to {s}->https://download.eclipse.org:443
2026-01-11 11:50:38,290 [Worker-35: https://download.eclipse.org/windowbuilder/updates/release/1.22.0/plugins/org.eclipse.nebula.widgets.ganttchart_1.0.0.202509131601.jar] INFO  o.a.h.c.h.i.c.HttpRequestRetryExec - Recoverable I/O exception (java.net.SocketException) caught when processing request to {s}->https://download.eclipse.org:443
2026-01-11 11:50:38,505 [Worker-27: https://download.eclipse.org/windowbuilder/updates/release/1.22.0/plugins/org.eclipse.nebula.widgets.gallery_1.0.0.202509131601.jar] INFO  o.a.h.c.h.i.c.HttpRequestRetryExec - Recoverable I/O exception (java.net.SocketException) caught when processing request to {s}->https://download.eclipse.org:443
2026-01-11 11:50:38,506 [Worker-2: https://download.eclipse.org/windowbuilder/updates/release/1.22.0/plugins/net.bytebuddy.byte-buddy_1.18.1.jar] INFO  o.a.h.c.h.i.c.HttpRequestRetryExec - Recoverable I/O exception (java.net.SocketException) caught when processing request to {s}->https://download.eclipse.org:443
2026-01-11 11:50:38,719 [Worker-21: https://download.eclipse.org/windowbuilder/updates/release/1.22.0/plugins/org.eclipse.nebula.widgets.gallery_1.0.0.202509131601.jar] INFO  o.a.h.c.h.i.c.HttpRequestRetryExec - Recoverable I/O exception (java.net.SocketException) caught when processing request to {s}->https://download.eclipse.org:443
2026-01-11 11:50:38,724 [Worker-20: https://download.eclipse.org/windowbuilder/updates/release/1.22.0/plugins/com.sun.xml.bind.jaxb-osgi_4.0.6.jar] INFO  o.a.h.c.h.i.c.HttpRequestRetryExec - Recoverable I/O exception (java.net.SocketException) caught when processing request to {s}->https://download.eclipse.org:443
2026-01-11 11:50:38,925 [Worker-2: https://download.eclipse.org/windowbuilder/updates/release/1.22.0/plugins/org.eclipse.nebula.widgets.grid_1.2.0.202509131601.jar] INFO  o.a.h.c.h.i.c.HttpRequestRetryExec - Recoverable I/O exception (java.net.SocketException) caught when processing request to {s}->https://download.eclipse.org:443
2026-01-11 11:50:38,927 [Worker-5: https://download.eclipse.org/windowbuilder/updates/release/1.22.0/plugins/com.sun.xml.bind.jaxb-osgi_4.0.6.jar] INFO  o.a.h.c.h.i.c.HttpRequestRetryExec - Recoverable I/O exception (java.net.SocketException) caught when processing request to {s}->https://download.eclipse.org:443
2026-01-11 11:50:39,136 [Worker-5: https://download.eclipse.org/windowbuilder/updates/release/1.22.0/plugins/org.eclipse.nebula.widgets.grid_1.2.0.202509131601.jar] INFO  o.a.h.c.h.i.c.HttpRequestRetryExec - Recoverable I/O exception (java.net.SocketException) caught when processing request to {s}->https://download.eclipse.org:443
2026-01-11 11:50:39,136 [Worker-21: https://download.eclipse.org/windowbuilder/updates/release/1.22.0/plugins/org.eclipse.nebula.widgets.opal.commons_1.0.0.202509131601.jar] INFO  o.a.h.c.h.i.c.HttpRequestRetryExec - Recoverable I/O exception (java.net.SocketException) caught when processing request to {s}->https://download.eclipse.org:443
2026-01-11 11:50:39,347 [Worker-20: https://download.eclipse.org/windowbuilder/updates/release/1.22.0/plugins/org.eclipse.nebula.widgets.opal.commons_1.0.0.202509131601.jar] INFO  o.a.h.c.h.i.c.HttpRequestRetryExec - Recoverable I/O exception (java.net.SocketException) caught when processing request to {s}->https://download.eclipse.org:443
2026-01-11 11:50:39,355 [Worker-27: https://download.eclipse.org/windowbuilder/updates/release/1.22.0/plugins/org.eclipse.nebula.widgets.pshelf_1.1.0.202509131601.jar] INFO  o.a.h.c.h.i.c.HttpRequestRetryExec - Recoverable I/O exception (java.net.SocketException) caught when processing request to {s}->https://download.eclipse.org:443
2026-01-11 11:50:39,569 [Worker-27: https://download.eclipse.org/windowbuilder/updates/release/1.22.0/plugins/org.eclipse.nebula.widgets.radiogroup_1.0.0.202509131601.jar] INFO  o.a.h.c.h.i.c.HttpRequestRetryExec - Recoverable I/O exception (java.net.SocketException) caught when processing request to {s}->https://download.eclipse.org:443
2026-01-11 11:50:39,571 [Worker-13: https://download.eclipse.org/windowbuilder/updates/release/1.22.0/plugins/org.eclipse.nebula.widgets.pshelf_1.1.0.202509131601.jar] INFO  o.a.h.c.h.i.c.HttpRequestRetryExec - Recoverable I/O exception (java.net.SocketException) caught when processing request to {s}->https://download.eclipse.org:443
2026-01-11 11:50:39,770 [Worker-34: https://download.eclipse.org/windowbuilder/updates/release/1.22.0/plugins/org.eclipse.wb.core_1.22.0.202511270930.jar] INFO  o.a.h.c.h.i.c.HttpRequestRetryExec - Recoverable I/O exception (java.net.SocketException) caught when processing request to {s}->https://download.eclipse.org:443
2026-01-11 11:50:39,773 [Worker-20: https://download.eclipse.org/windowbuilder/updates/release/1.22.0/plugins/org.eclipse.nebula.widgets.radiogroup_1.0.0.202509131601.jar] INFO  o.a.h.c.h.i.c.HttpRequestRetryExec - Recoverable I/O exception (java.net.SocketException) caught when processing request to {s}->https://download.eclipse.org:443
2026-01-11 11:50:39,979 [Worker-8: https://download.eclipse.org/windowbuilder/updates/release/1.22.0/plugins/org.eclipse.wb.core_1.22.0.202511270930.jar] INFO  o.a.h.c.h.i.c.HttpRequestRetryExec - Recoverable I/O exception (java.net.SocketException) caught when processing request to {s}->https://download.eclipse.org:443
2026-01-11 11:50:39,980 [Worker-5: https://download.eclipse.org/windowbuilder/updates/release/1.22.0/plugins/org.eclipse.wb.core.databinding_1.9.1000.202507190808.jar] INFO  o.a.h.c.h.i.c.HttpRequestRetryExec - Recoverable I/O exception (java.net.SocketException) caught when processing request to {s}->https://download.eclipse.org:443
2026-01-11 11:50:40,188 [Worker-34: https://download.eclipse.org/windowbuilder/updates/release/1.22.0/plugins/org.eclipse.wb.core.databinding.xsd_1.0.300.202505171009.jar] INFO  o.a.h.c.h.i.c.HttpRequestRetryExec - Recoverable I/O exception (java.net.SocketException) caught when processing request to {s}->https://download.eclipse.org:443
2026-01-11 11:50:40,193 [Worker-5: https://download.eclipse.org/windowbuilder/updates/release/1.22.0/plugins/org.eclipse.wb.core.databinding_1.9.1000.202507190808.jar] INFO  o.a.h.c.h.i.c.HttpRequestRetryExec - Recoverable I/O exception (java.net.SocketException) caught when processing request to {s}->https://download.eclipse.org:443
2026-01-11 11:50:40,396 [Worker-5: https://download.eclipse.org/windowbuilder/updates/release/1.22.0/plugins/org.eclipse.wb.core.databinding.xsd_1.0.300.202505171009.jar] INFO  o.a.h.c.h.i.c.HttpRequestRetryExec - Recoverable I/O exception (java.net.SocketException) caught when processing request to {s}->https://download.eclipse.org:443
2026-01-11 11:50:40,415 [Worker-14: https://download.eclipse.org/windowbuilder/updates/release/1.22.0/plugins/org.eclipse.wb.core.java_1.13.300.202511092021.jar] INFO  o.a.h.c.h.i.c.HttpRequestRetryExec - Recoverable I/O exception (java.net.SocketException) caught when processing request to {s}->https://download.eclipse.org:443
2026-01-11 11:50:40,624 [Worker-8: https://download.eclipse.org/windowbuilder/updates/release/1.22.0/plugins/org.eclipse.wb.core.java_1.13.300.202511092021.jar] INFO  o.a.h.c.h.i.c.HttpRequestRetryExec - Recoverable I/O exception (java.net.SocketException) caught when processing request to {s}->https://download.eclipse.org:443
2026-01-11 11:50:40,625 [Worker-30: https://download.eclipse.org/windowbuilder/updates/release/1.22.0/features/org.eclipse.wb.core.feature_1.22.0.202511270930.jar] INFO  o.a.h.c.h.i.c.HttpRequestRetryExec - Recoverable I/O exception (java.net.SocketException) caught when processing request to {s}->https://download.eclipse.org:443
2026-01-11 11:50:40,837 [Worker-30: https://download.eclipse.org/windowbuilder/updates/release/1.22.0/plugins/org.eclipse.wb.core.ui_1.10.900.202510120710.jar] INFO  o.a.h.c.h.i.c.HttpRequestRetryExec - Recoverable I/O exception (java.net.SocketException) caught when processing request to {s}->https://download.eclipse.org:443
2026-01-11 11:50:40,848 [Worker-27: https://download.eclipse.org/windowbuilder/updates/release/1.22.0/features/org.eclipse.wb.core.feature_1.22.0.202511270930.jar] INFO  o.a.h.c.h.i.c.HttpRequestRetryExec - Recoverable I/O exception (java.net.SocketException) caught when processing request to {s}->https://download.eclipse.org:443
2026-01-11 11:50:41,053 [Worker-20: https://download.eclipse.org/windowbuilder/updates/release/1.22.0/plugins/org.eclipse.wb.core.ui_1.10.900.202510120710.jar] INFO  o.a.h.c.h.i.c.HttpRequestRetryExec - Recoverable I/O exception (java.net.SocketException) caught when processing request to {s}->https://download.eclipse.org:443
2026-01-11 11:50:41,067 [Worker-21: https://download.eclipse.org/windowbuilder/updates/release/1.22.0/features/org.eclipse.wb.core.java.feature_1.22.0.202511092021.jar] INFO  o.a.h.c.h.i.c.HttpRequestRetryExec - Recoverable I/O exception (java.net.SocketException) caught when processing request to {s}->https://download.eclipse.org:443
2026-01-11 11:50:41,285 [Worker-19: https://download.eclipse.org/windowbuilder/updates/release/1.22.0/features/org.eclipse.wb.core.java.feature_1.22.0.202511092021.jar] INFO  o.a.h.c.h.i.c.HttpRequestRetryExec - Recoverable I/O exception (java.net.SocketException) caught when processing request to {s}->https://download.eclipse.org:443
2026-01-11 11:50:41,296 [Worker-27: https://download.eclipse.org/windowbuilder/updates/release/1.22.0/features/org.eclipse.wb.core.ui.feature_1.22.0.202510120710.jar] INFO  o.a.h.c.h.i.c.HttpRequestRetryExec - Recoverable I/O exception (java.net.SocketException) caught when processing request to {s}->https://download.eclipse.org:443
2026-01-11 11:50:41,514 [Worker-27: https://download.eclipse.org/windowbuilder/updates/release/1.22.0/plugins/org.eclipse.wb.doc.user_1.10.600.202511270930.jar] INFO  o.a.h.c.h.i.c.HttpRequestRetryExec - Recoverable I/O exception (java.net.SocketException) caught when processing request to {s}->https://download.eclipse.org:443
2026-01-11 11:50:41,534 [Worker-5: https://download.eclipse.org/windowbuilder/updates/release/1.22.0/features/org.eclipse.wb.core.ui.feature_1.22.0.202510120710.jar] INFO  o.a.h.c.h.i.c.HttpRequestRetryExec - Recoverable I/O exception (java.net.SocketException) caught when processing request to {s}->https://download.eclipse.org:443
2026-01-11 11:50:41,723 [Worker-21: https://download.eclipse.org/windowbuilder/updates/release/1.22.0/plugins/org.eclipse.wb.doc.user_1.10.600.202511270930.jar] INFO  o.a.h.c.h.i.c.HttpRequestRetryExec - Recoverable I/O exception (java.net.SocketException) caught when processing request to {s}->https://download.eclipse.org:443
2026-01-11 11:50:41,733 [Worker-30: https://download.eclipse.org/windowbuilder/updates/release/1.22.0/features/org.eclipse.wb.doc.user.feature_1.22.0.202511270930.jar] INFO  o.a.h.c.h.i.c.HttpRequestRetryExec - Recoverable I/O exception (java.net.SocketException) caught when processing request to {s}->https://download.eclipse.org:443
2026-01-11 11:50:41,947 [Worker-19: https://download.eclipse.org/windowbuilder/updates/release/1.22.0/features/org.eclipse.wb.doc.user.feature_1.22.0.202511270930.jar] INFO  o.a.h.c.h.i.c.HttpRequestRetryExec - Recoverable I/O exception (java.net.SocketException) caught when processing request to {s}->https://download.eclipse.org:443
2026-01-11 11:50:41,960 [Worker-27: https://download.eclipse.org/windowbuilder/updates/release/1.22.0/plugins/org.eclipse.wb.layout.group_1.9.1200.202511072022.jar] INFO  o.a.h.c.h.i.c.HttpRequestRetryExec - Recoverable I/O exception (java.net.SocketException) caught when processing request to {s}->https://download.eclipse.org:443
2026-01-11 11:50:42,165 [Worker-30: https://download.eclipse.org/windowbuilder/updates/release/1.22.0/plugins/org.eclipse.wb.os_1.10.0.202511112056.jar] INFO  o.a.h.c.h.i.c.HttpRequestRetryExec - Recoverable I/O exception (java.net.SocketException) caught when processing request to {s}->https://download.eclipse.org:443
2026-01-11 11:50:42,166 [Worker-19: https://download.eclipse.org/windowbuilder/updates/release/1.22.0/plugins/org.eclipse.wb.layout.group_1.9.1200.202511072022.jar] INFO  o.a.h.c.h.i.c.HttpRequestRetryExec - Recoverable I/O exception (java.net.SocketException) caught when processing request to {s}->https://download.eclipse.org:443
2026-01-11 11:50:42,388 [Worker-27: https://download.eclipse.org/windowbuilder/updates/release/1.22.0/features/org.eclipse.wb.layout.group.feature_1.22.0.202511072022.jar] INFO  o.a.h.c.h.i.c.HttpRequestRetryExec - Recoverable I/O exception (java.net.SocketException) caught when processing request to {s}->https://download.eclipse.org:443
2026-01-11 11:50:42,404 [Worker-30: https://download.eclipse.org/windowbuilder/updates/release/1.22.0/plugins/org.eclipse.wb.os_1.10.0.202511112056.jar] INFO  o.a.h.c.h.i.c.HttpRequestRetryExec - Recoverable I/O exception (java.net.SocketException) caught when processing request to {s}->https://download.eclipse.org:443
2026-01-11 11:50:42,632 [Worker-27: https://download.eclipse.org/windowbuilder/updates/release/1.22.0/plugins/org.eclipse.wb.os.win32_1.10.300.202511112056.jar] INFO  o.a.h.c.h.i.c.HttpRequestRetryExec - Recoverable I/O exception (java.net.SocketException) caught when processing request to {s}->https://download.eclipse.org:443
2026-01-11 11:50:42,632 [Worker-30: https://download.eclipse.org/windowbuilder/updates/release/1.22.0/features/org.eclipse.wb.layout.group.feature_1.22.0.202511072022.jar] INFO  o.a.h.c.h.i.c.HttpRequestRetryExec - Recoverable I/O exception (java.net.SocketException) caught when processing request to {s}->https://download.eclipse.org:443
2026-01-11 11:50:42,838 [Worker-30: https://download.eclipse.org/windowbuilder/updates/release/1.22.0/plugins/org.eclipse.wb.rcp_1.9.1300.202511112056.jar] INFO  o.a.h.c.h.i.c.HttpRequestRetryExec - Recoverable I/O exception (java.net.SocketException) caught when processing request to {s}->https://download.eclipse.org:443
2026-01-11 11:50:42,861 [Worker-40: https://download.eclipse.org/windowbuilder/updates/release/1.22.0/plugins/org.eclipse.wb.os.win32_1.10.300.202511112056.jar] INFO  o.a.h.c.h.i.c.HttpRequestRetryExec - Recoverable I/O exception (java.net.SocketException) caught when processing request to {s}->https://download.eclipse.org:443
2026-01-11 11:50:43,082 [Worker-30: https://download.eclipse.org/windowbuilder/updates/release/1.22.0/plugins/org.eclipse.wb.rcp.SWT_AWT_1.9.800.202505171009.jar] INFO  o.a.h.c.h.i.c.HttpRequestRetryExec - Recoverable I/O exception (java.net.SocketException) caught when processing request to {s}->https://download.eclipse.org:443
2026-01-11 11:50:43,082 [Worker-42: https://download.eclipse.org/windowbuilder/updates/release/1.22.0/plugins/org.eclipse.wb.rcp_1.9.1300.202511112056.jar] INFO  o.a.h.c.h.i.c.HttpRequestRetryExec - Recoverable I/O exception (java.net.SocketException) caught when processing request to {s}->https://download.eclipse.org:443
2026-01-11 11:50:43,280 [Worker-40: https://download.eclipse.org/windowbuilder/updates/release/1.22.0/plugins/org.eclipse.wb.rcp.databinding_1.10.400.202509302001.jar] INFO  o.a.h.c.h.i.c.HttpRequestRetryExec - Recoverable I/O exception (java.net.SocketException) caught when processing request to {s}->https://download.eclipse.org:443
2026-01-11 11:50:43,297 [Worker-43: https://download.eclipse.org/windowbuilder/updates/release/1.22.0/plugins/org.eclipse.wb.rcp.SWT_AWT_1.9.800.202505171009.jar] INFO  o.a.h.c.h.i.c.HttpRequestRetryExec - Recoverable I/O exception (java.net.SocketException) caught when processing request to {s}->https://download.eclipse.org:443
2026-01-11 11:50:43,485 [Worker-40: https://download.eclipse.org/windowbuilder/updates/release/1.22.0/plugins/org.eclipse.wb.rcp.databinding_1.10.400.202509302001.jar] INFO  o.a.h.c.h.i.c.HttpRequestRetryExec - Recoverable I/O exception (java.net.SocketException) caught when processing request to {s}->https://download.eclipse.org:443
2026-01-11 11:50:43,500 [Worker-44: https://download.eclipse.org/windowbuilder/updates/release/1.22.0/features/org.eclipse.wb.rcp.SWT_AWT_support_1.22.0.202509102028.jar] INFO  o.a.h.c.h.i.c.HttpRequestRetryExec - Recoverable I/O exception (java.net.SocketException) caught when processing request to {s}->https://download.eclipse.org:443
2026-01-11 11:50:43,694 [Worker-30: https://download.eclipse.org/windowbuilder/updates/release/1.22.0/plugins/org.eclipse.wb.rcp.databinding.emf_1.9.900.202507292027.jar] INFO  o.a.h.c.h.i.c.HttpRequestRetryExec - Recoverable I/O exception (java.net.SocketException) caught when processing request to {s}->https://download.eclipse.org:443
2026-01-11 11:50:43,716 [Worker-45: https://download.eclipse.org/windowbuilder/updates/release/1.22.0/features/org.eclipse.wb.rcp.SWT_AWT_support_1.22.0.202509102028.jar] INFO  o.a.h.c.h.i.c.HttpRequestRetryExec - Recoverable I/O exception (java.net.SocketException) caught when processing request to {s}->https://download.eclipse.org:443
2026-01-11 11:50:43,913 [Worker-30: https://download.eclipse.org/windowbuilder/updates/release/1.22.0/plugins/org.eclipse.wb.rcp.databinding.emf_1.9.900.202507292027.jar] INFO  o.a.h.c.h.i.c.HttpRequestRetryExec - Recoverable I/O exception (java.net.SocketException) caught when processing request to {s}->https://download.eclipse.org:443
2026-01-11 11:50:43,916 [Worker-46: https://download.eclipse.org/windowbuilder/updates/release/1.22.0/plugins/org.eclipse.wb.rcp.doc.user_1.9.600.202505271654.jar] INFO  o.a.h.c.h.i.c.HttpRequestRetryExec - Recoverable I/O exception (java.net.SocketException) caught when processing request to {s}->https://download.eclipse.org:443
2026-01-11 11:50:44,123 [Worker-44: https://download.eclipse.org/windowbuilder/updates/release/1.22.0/features/org.eclipse.wb.rcp.doc.user.feature_1.22.0.202509102028.jar] INFO  o.a.h.c.h.i.c.HttpRequestRetryExec - Recoverable I/O exception (java.net.SocketException) caught when processing request to {s}->https://download.eclipse.org:443
2026-01-11 11:50:44,130 [Worker-30: https://download.eclipse.org/windowbuilder/updates/release/1.22.0/plugins/org.eclipse.wb.rcp.doc.user_1.9.600.202505271654.jar] INFO  o.a.h.c.h.i.c.HttpRequestRetryExec - Recoverable I/O exception (java.net.SocketException) caught when processing request to {s}->https://download.eclipse.org:443
2026-01-11 11:50:44,327 [Worker-48: https://download.eclipse.org/windowbuilder/updates/release/1.22.0/features/org.eclipse.wb.rcp.doc.user.feature_1.22.0.202509102028.jar] INFO  o.a.h.c.h.i.c.HttpRequestRetryExec - Recoverable I/O exception (java.net.SocketException) caught when processing request to {s}->https://download.eclipse.org:443
2026-01-11 11:50:44,334 [Worker-44: https://download.eclipse.org/windowbuilder/updates/release/1.22.0/features/org.eclipse.wb.rcp.feature_1.22.0.202511112056.jar] INFO  o.a.h.c.h.i.c.HttpRequestRetryExec - Recoverable I/O exception (java.net.SocketException) caught when processing request to {s}->https://download.eclipse.org:443
2026-01-11 11:50:44,529 [Worker-30: https://download.eclipse.org/windowbuilder/updates/release/1.22.0/plugins/org.eclipse.wb.rcp.nebula_1.11.100.202505171009.jar] INFO  o.a.h.c.h.i.c.HttpRequestRetryExec - Recoverable I/O exception (java.net.SocketException) caught when processing request to {s}->https://download.eclipse.org:443
2026-01-11 11:50:44,557 [Worker-48: https://download.eclipse.org/windowbuilder/updates/release/1.22.0/features/org.eclipse.wb.rcp.feature_1.22.0.202511112056.jar] INFO  o.a.h.c.h.i.c.HttpRequestRetryExec - Recoverable I/O exception (java.net.SocketException) caught when processing request to {s}->https://download.eclipse.org:443
2026-01-11 11:50:44,737 [Worker-48: https://download.eclipse.org/windowbuilder/updates/release/1.22.0/plugins/org.eclipse.wb.rcp.swing2swt_1.10.100.202505171009.jar] INFO  o.a.h.c.h.i.c.HttpRequestRetryExec - Recoverable I/O exception (java.net.SocketException) caught when processing request to {s}->https://download.eclipse.org:443
2026-01-11 11:50:44,741 [Worker-49: https://download.eclipse.org/windowbuilder/updates/release/1.22.0/plugins/org.eclipse.wb.rcp.nebula_1.11.100.202505171009.jar] INFO  o.a.h.c.h.i.c.HttpRequestRetryExec - Recoverable I/O exception (java.net.SocketException) caught when processing request to {s}->https://download.eclipse.org:443
2026-01-11 11:50:44,943 [Worker-50: https://download.eclipse.org/windowbuilder/updates/release/1.22.0/plugins/org.eclipse.wb.rcp.swing2swt_1.10.100.202505171009.jar] INFO  o.a.h.c.h.i.c.HttpRequestRetryExec - Recoverable I/O exception (java.net.SocketException) caught when processing request to {s}->https://download.eclipse.org:443
2026-01-11 11:50:44,956 [Worker-51: https://download.eclipse.org/windowbuilder/updates/release/1.22.0/plugins/org.eclipse.wb.runtime_1.9.200.202505171009.jar] INFO  o.a.h.c.h.i.c.HttpRequestRetryExec - Recoverable I/O exception (java.net.SocketException) caught when processing request to {s}->https://download.eclipse.org:443
2026-01-11 11:50:45,160 [Worker-49: https://download.eclipse.org/windowbuilder/updates/release/1.22.0/plugins/org.eclipse.wb.runtime_1.9.200.202505171009.jar] INFO  o.a.h.c.h.i.c.HttpRequestRetryExec - Recoverable I/O exception (java.net.SocketException) caught when processing request to {s}->https://download.eclipse.org:443
2026-01-11 11:50:45,165 [Worker-52: https://download.eclipse.org/windowbuilder/updates/release/1.22.0/plugins/org.eclipse.wb.swing_1.10.400.202511092021.jar] INFO  o.a.h.c.h.i.c.HttpRequestRetryExec - Recoverable I/O exception (java.net.SocketException) caught when processing request to {s}->https://download.eclipse.org:443
2026-01-11 11:53:57,198 [Worker-329: https://ftp.yz.yamagata-u.ac.jp/pub/eclipse/releases/2025-12/202512101000/plugins/org.eclipse.wb.swing.databinding_1.9.1000.202509121930.jar] INFO  o.a.h.c.h.i.c.HttpRequestRetryExec - Recoverable I/O exception (java.net.SocketException) caught when processing request to {s}->https://ftp.yz.yamagata-u.ac.jp:443
2026-01-11 11:53:57,201 [Worker-334: https://ftp.yz.yamagata-u.ac.jp/pub/eclipse/releases/2025-12/202512101000/plugins/org.eclipse.wb.swing.FormLayout_1.12.300.202509232014.jar] INFO  o.a.h.c.h.i.c.HttpRequestRetryExec - Recoverable I/O exception (java.net.SocketException) caught when processing request to {s}->https://ftp.yz.yamagata-u.ac.jp:443
2026-01-11 11:53:57,208 [Worker-336: https://download.eclipse.org/releases/2025-12/202512101000/plugins/org.eclipse.wb.swing.MigLayout_1.11.300.202510160525.jar] INFO  o.a.h.c.h.i.c.HttpRequestRetryExec - Recoverable I/O exception (java.net.SocketException) caught when processing request to {s}->https://download.eclipse.org:443
2026-01-11 11:53:57,297 [Worker-339: https://download.eclipse.org/releases/2025-12/202512101000/plugins/net.bytebuddy.byte-buddy_1.18.1.jar] INFO  o.a.h.c.h.i.c.HttpRequestRetryExec - Recoverable I/O exception (java.net.SocketException) caught when processing request to {s}->https://download.eclipse.org:443
2026-01-11 11:53:57,441 [Worker-341: https://download.eclipse.org/releases/2025-12/202512101000/plugins/org.eclipse.wb.swing.MigLayout_1.11.300.202510160525.jar] INFO  o.a.h.c.h.i.c.HttpRequestRetryExec - Recoverable I/O exception (java.net.SocketException) caught when processing request to {s}->https://download.eclipse.org:443
2026-01-11 18:46:50,579 [Worker-6: Loading available Gradle versions] INFO  o.e.b.c.i.u.g.PublishedGradleVersions - Gradle version information cache is up-to-date. Trying to read.
2026-01-11 18:57:50,661 [Worker-7: Loading available Gradle versions] INFO  o.e.b.c.i.u.g.PublishedGradleVersions - Gradle version information cache is up-to-date. Trying to read.
2026-01-12 08:41:42,297 [Worker-7: Loading available Gradle versions] INFO  o.e.b.c.i.u.g.PublishedGradleVersions - Gradle version information cache is up-to-date. Trying to read.
2026-01-15 15:44:40,664 [Worker-6: Loading available Gradle versions] INFO  o.e.b.c.i.u.g.PublishedGradleVersions - Gradle version information cache is out-of-date. Trying to update.
2026-01-15 20:14:06,407 [Worker-4: Loading available Gradle versions] INFO  o.e.b.c.i.u.g.PublishedGradleVersions - Gradle version information cache is up-to-date. Trying to read.
2026-01-16 15:49:42,330 [Worker-6: Loading available Gradle versions] INFO  o.e.b.c.i.u.g.PublishedGradleVersions - Gradle version information cache is out-of-date. Trying to update.
2026-01-16 16:35:23,276 [Worker-5: Loading available Gradle versions] INFO  o.e.b.c.i.u.g.PublishedGradleVersions - Gradle version information cache is up-to-date. Trying to read.
2026-01-16 17:12:13,740 [Worker-8: Loading available Gradle versions] INFO  o.e.b.c.i.u.g.PublishedGradleVersions - Gradle version information cache is up-to-date. Trying to read.
2026-01-17 08:41:03,737 [Worker-4: Loading available Gradle versions] INFO  o.e.b.c.i.u.g.PublishedGradleVersions - Gradle version information cache is up-to-date. Trying to read.
2026-01-17 16:01:55,998 [Worker-4: Loading available Gradle versions] INFO  o.e.b.c.i.u.g.PublishedGradleVersions - Gradle version information cache is out-of-date. Trying to update.
2026-01-18 07:43:24,371 [Worker-6: Loading available Gradle versions] INFO  o.e.b.c.i.u.g.PublishedGradleVersions - Gradle version information cache is up-to-date. Trying to read.
2026-01-18 09:21:24,720 [Worker-4: Loading available Gradle versions] INFO  o.e.b.c.i.u.g.PublishedGradleVersions - Gradle version information cache is up-to-date. Trying to read.
2026-01-18 13:43:43,452 [Worker-4: Loading available Gradle versions] INFO  o.e.b.c.i.u.g.PublishedGradleVersions - Gradle version information cache is up-to-date. Trying to read.
2026-01-21 08:20:20,783 [Worker-7: Loading available Gradle versions] INFO  o.e.b.c.i.u.g.PublishedGradleVersions - Gradle version information cache is out-of-date. Trying to update.
2026-01-23 19:24:09,476 [Worker-7: Loading available Gradle versions] INFO  o.e.b.c.i.u.g.PublishedGradleVersions - Gradle version information cache is out-of-date. Trying to update.
